<?xml version="1.0" encoding="UTF-8"?>
<!-- Generated by org.testng.reporters.JUnitXMLReporter -->
<testsuite hostname="DESKTOP-3ORHPO1" ignored="7" name="Sanity Test" tests="4" failures="0" timestamp="2022-12-14T16:48:40 GMT" time="25.91" errors="0">
  <testcase name="verifyProductArrangeInAlphaBaticalOrder" time="2.387" classname="com.tutorialninja.testsuite.DesktopsPageTest"/>
  <testcase name="verifyProductsPriceDisplayHighToLowSuccessfully" time="2.078" classname="com.tutorialninja.testsuite.LaptopsAndNotebooksPageTest"/>
  <testcase name="verifyUserShouldNavigateToRegisterPageSuccessfully" time="1.214" classname="com.tutorialninja.testsuite.MyAccountTest"/>
  <testcase name="verifyUserShouldNavigateToDesktopsPageSuccessfully" time="1.826" classname="com.tutorialninja.testsuite.TopMenuTest"/>
  <testcase name="verifyThatUserRegisterAccountSuccessfully" time="0.0" classname="com.tutorialninja.testsuite.MyAccountTest">
    <ignored/>
  </testcase> <!-- verifyThatUserRegisterAccountSuccessfully -->
  <testcase name="verifyUserShouldNavigateToComponentsPageSuccessfully" time="0.0" classname="com.tutorialninja.testsuite.TopMenuTest">
    <ignored/>
  </testcase> <!-- verifyUserShouldNavigateToComponentsPageSuccessfully -->
  <testcase name="verifyThatUserPlaceOrderSuccessfully" time="0.0" classname="com.tutorialninja.testsuite.LaptopsAndNotebooksPageTest">
    <ignored/>
  </testcase> <!-- verifyThatUserPlaceOrderSuccessfully -->
  <testcase name="verifyThatUserShouldLoginAndLogoutSuccessfully" time="0.0" classname="com.tutorialninja.testsuite.MyAccountTest">
    <ignored/>
  </testcase> <!-- verifyThatUserShouldLoginAndLogoutSuccessfully -->
  <testcase name="verifyUserShouldNavigateToLoginPageSuccessfully" time="0.0" classname="com.tutorialninja.testsuite.MyAccountTest">
    <ignored/>
  </testcase> <!-- verifyUserShouldNavigateToLoginPageSuccessfully -->
  <testcase name="verifyProductAddedToShoppingCartSuccessFully" time="0.0" classname="com.tutorialninja.testsuite.DesktopsPageTest">
    <ignored/>
  </testcase> <!-- verifyProductAddedToShoppingCartSuccessFully -->
  <testcase name="verifyUserShouldNavigateToLaptopsAndNotebooksPageSuccessfully" time="0.0" classname="com.tutorialninja.testsuite.TopMenuTest">
    <ignored/>
  </testcase> <!-- verifyUserShouldNavigateToLaptopsAndNotebooksPageSuccessfully -->
</testsuite> <!-- Sanity Test -->
