<?xml version="1.0" encoding="UTF-8"?>
<!-- Generated by org.testng.reporters.JUnitXMLReporter -->
<testsuite hostname="DESKTOP-3ORHPO1" ignored="0" name="AccountLoginPage Test" tests="2" failures="0" timestamp="2022-12-11T12:29:25 GMT" time="20.712" errors="0">
  <testcase name="verifyThatUserShouldLoginAndLogoutSuccessfully" time="4.692" classname="com.tutorialninja.testsuite.AccountLoginPageTest"/>
  <testcase name="verifyUserShouldNavigateToLoginPageSuccessfully" time="1.575" classname="com.tutorialninja.testsuite.AccountLoginPageTest"/>
</testsuite> <!-- AccountLoginPage Test -->
